<?xml version="1.0" encoding="UTF-8"?>
<testsuite name="agh.ics.oop.GrassFieldTest" tests="2" skipped="0" failures="0" errors="0" timestamp="2022-11-22T11:04:15" hostname="DESKTOP-G37MSAM" time="0.021">
  <properties/>
  <testcase name="placeGrass()" classname="agh.ics.oop.GrassFieldTest" time="0.015"/>
  <testcase name="objectAt()" classname="agh.ics.oop.GrassFieldTest" time="0.002"/>
  <system-out><![CDATA[ y\x  0 1 2 3 4 5 6 7 8 910
 11: -----------------------
 10: | | | | | | | | | | | |
  9: | |*| | | | | | | | | |
  8: | | |*| | | |*| | | | |
  7: |*| | | | | | | | | | |
  6: | | | | | | | | | | | |
  5: | | | | | | | | | | | |
  4: | | | | | | | | | | | |
  3: | |*| | |*| | | | |*| |
  2: | |N| | | | |*| | | | |
  1: | | | | | | | | | | | |
  0: |*|*| | | | | | | | | |
 -1: -----------------------
 y\x  0 1 2 3 4 5 6 7 8 910
 11: -----------------------
 10: | | | | | | | | | | | |
  9: | |*| | | | | | | | | |
  8: | | |*| | | |*| | | | |
  7: |*| | | | | | | | | | |
  6: | | | | | | | | | | | |
  5: | | | | | | | | | | | |
  4: | | | | | | | | | | | |
  3: | |*|N| |*| | | | |*| |
  2: | |N| | | | |*| | | | |
  1: | | | | | | | | | | | |
  0: |*|*| | | | | | | | | |
 -1: -----------------------
 y\x  0 1 2 3 4 5 6 7 8 910
 11: -----------------------
 10: | | | | | | | | | | | |
  9: | |*| | | | | | | | | |
  8: | | |*| | | |*| | | | |
  7: |*| | | | | | | | | | |
  6: | | | | | | | | | | | |
  5: | | | | | | | | | | | |
  4: | | | | | | | | | | | |
  3: | |*|N| |*| | | | |*| |
  2: | |N| | | | |*| | | | |
  1: | | | | | | | | | | | |
  0: |*|*| | | | | | | | | |
 -1: -----------------------

 y\x  0 1 2 3 4 5 6 7 8 910
 11: -----------------------
 10: | | | | | | | | | | | |
  9: | |*| | | | | | | | | |
  8: | | | | |*|*| | | | | |
  7: | | | | | | | | | |*| |
  6: | |*| | | |*| | | | | |
  5: | | | | | |*| | | | | |
  4: |*| | | | | | | | | | |
  3: | | | | | |*| | | | | |
  2: | |N|*| | | | | | | | |
  1: | | | | | | | | | | | |
  0: | | | | | | | | | | | |
 -1: -----------------------
 y\x  0 1 2 3 4 5 6 7 8 910
 11: -----------------------
 10: | | | | | | | | | | | |
  9: | |*| | | | | | | | | |
  8: | | | | |*|*| | | | | |
  7: | | | | | | | | | |*| |
  6: | |*| | | |*| | | | | |
  5: | | | | | |*| | | | | |
  4: |*| | | | | | | | | | |
  3: | | |N| | |*| | | | | |
  2: | |N|*| | | | | | | | |
  1: | | | | | | | | | | | |
  0: | | | | | | | | | | | |
 -1: -----------------------
 y\x  0 1 2 3 4 5 6 7 8 910
 11: -----------------------
 10: | | | | | | | | | | | |
  9: | |*| | | | | | | | | |
  8: | | | | |*|*| | | | | |
  7: | | | | | | | | | |*| |
  6: | |*| | | |*| | | | | |
  5: | | | | | |*| | | | | |
  4: |*| | | | | | | | | | |
  3: | | |N| | |*| | | | | |
  2: | |N|*| | | | | | | | |
  1: | | | | | | | | | | | |
  0: | | | | | | | | | | | |
 -1: -----------------------

]]></system-out>
  <system-err><![CDATA[]]></system-err>
</testsuite>
