<?xml version="1.0" encoding="UTF-8"?>
<testsuite name="agh.ics.oop.GrassFieldTest" tests="2" skipped="0" failures="0" errors="0" timestamp="2022-11-29T17:35:56" hostname="DESKTOP-G37MSAM" time="0.016">
  <properties/>
  <testcase name="placeGrass()" classname="agh.ics.oop.GrassFieldTest" time="0.006"/>
  <testcase name="objectAt()" classname="agh.ics.oop.GrassFieldTest" time="0.004"/>
  <system-out><![CDATA[ y\x  1 2 3 4 5 6 7 8 9
 10: -------------------
  9: |*|*| | | | | | | |
  8: | | | | | | | | | |
  7: | | | | | | | | | |
  6: | | | | | | | | | |
  5: | | | | |*| | | | |
  4: |*| | | | |*| |*| |
  3: |*| | | | | | | | |
  2: |N| | |*| | | | |*|
  1: | | | | | | | | | |
  0: |*| | | | | | | | |
 -1: -------------------
 y\x  1 2 3 4 5 6 7 8 9
 10: -------------------
  9: |*|*| | | | | | | |
  8: | | | | | | | | | |
  7: | | | | | | | | | |
  6: | | | | | | | | | |
  5: | | | | |*| | | | |
  4: |*| | | | |*| |*| |
  3: |*|N| | | | | | | |
  2: |N| | |*| | | | |*|
  1: | | | | | | | | | |
  0: |*| | | | | | | | |
 -1: -------------------
 y\x  1 2 3 4 5 6 7 8 9
 10: -------------------
  9: |*|*| | | | | | | |
  8: | | | | | | | | | |
  7: | | | | | | | | | |
  6: | | | | | | | | | |
  5: | | | | |*| | | | |
  4: |*| | | | |*| |*| |
  3: |*|N| | | | | | | |
  2: |N| | |*| | | | |*|
  1: | | | | | | | | | |
  0: |*| | | | | | | | |
 -1: -------------------

 y\x  0 1 2 3 4 5 6 7 8 9
 10: ---------------------
  9: |*| | | | | |*| | | |
  8: | | |*| | | | | | | |
  7: | | | |*| | | | | | |
  6: | | | | | | | | | | |
  5: |*| | | | | | | |*| |
  4: | | | | | | | | | | |
  3: | | | | | | | | |*|*|
  2: | |N| | | | | | | | |
  1: | | |*| | | | | | | |
  0: | | | | | | | |*| | |
 -1: ---------------------
 y\x  0 1 2 3 4 5 6 7 8 9
 10: ---------------------
  9: |*| | | | | |*| | | |
  8: | | |*| | | | | | | |
  7: | | | |*| | | | | | |
  6: | | | | | | | | | | |
  5: |*| | | | | | | |*| |
  4: | | | | | | | | | | |
  3: | | |N| | | | | |*|*|
  2: | |N| | | | | | | | |
  1: | | |*| | | | | | | |
  0: | | | | | | | |*| | |
 -1: ---------------------
 y\x  0 1 2 3 4 5 6 7 8 9
 10: ---------------------
  9: |*| | | | | |*| | | |
  8: | | |*| | | | | | | |
  7: | | | |*| | | | | | |
  6: | | | | | | | | | | |
  5: |*| | | | | | | |*| |
  4: | | | | | | | | | | |
  3: | | |N| | | | | |*|*|
  2: | |N| | | | | | | | |
  1: | | |*| | | | | | | |
  0: | | | | | | | |*| | |
 -1: ---------------------

]]></system-out>
  <system-err><![CDATA[]]></system-err>
</testsuite>
