<?xml version="1.0" encoding="UTF-8"?>
<testsuite name="agh.ics.oop.OptionsParserTest" tests="1" skipped="0" failures="0" errors="0" timestamp="2022-11-29T17:35:56" hostname="DESKTOP-G37MSAM" time="0.001">
  <properties/>
  <testcase name="parse()" classname="agh.ics.oop.OptionsParserTest" time="0.001"/>
  <system-out><![CDATA[]]></system-out>
  <system-err><![CDATA[]]></system-err>
</testsuite>
