<?xml version="1.0" encoding="UTF-8"?>
<testsuite name="agh.ics.oop.AnimalTest" tests="1" skipped="0" failures="0" errors="0" timestamp="2022-11-08T11:40:43" hostname="DESKTOP-G37MSAM" time="0.016">
  <properties/>
  <testcase name="isAt()" classname="agh.ics.oop.AnimalTest" time="0.016"/>
  <system-out><![CDATA[]]></system-out>
  <system-err><![CDATA[]]></system-err>
</testsuite>
