<?xml version="1.0" encoding="UTF-8"?>
<testsuite name="agh.ics.oop.Vector2dTest" tests="1" skipped="0" failures="0" errors="0" timestamp="2022-10-24T19:46:39" hostname="DESKTOP-G37MSAM" time="0.013">
  <properties/>
  <testcase name="followsTest()" classname="agh.ics.oop.Vector2dTest" time="0.013"/>
  <system-out><![CDATA[]]></system-out>
  <system-err><![CDATA[]]></system-err>
</testsuite>
