<?xml version="1.0" encoding="UTF-8"?>
<testsuite name="agh.ics.oop.AnimalTest" tests="1" skipped="0" failures="0" errors="0" timestamp="2022-10-25T16:46:45" hostname="DESKTOP-G37MSAM" time="0.014">
  <properties/>
  <testcase name="isAt()" classname="agh.ics.oop.AnimalTest" time="0.014"/>
  <system-out><![CDATA[]]></system-out>
  <system-err><![CDATA[]]></system-err>
</testsuite>
