<?xml version="1.0" encoding="UTF-8"?>
<testsuite name="agh.ics.oop.AnimalTest" tests="3" skipped="0" failures="0" errors="0" timestamp="2022-11-22T18:07:28" hostname="DESKTOP-G37MSAM" time="0.036">
  <properties/>
  <testcase name="testToString()" classname="agh.ics.oop.AnimalTest" time="0.028"/>
  <testcase name="isAt()" classname="agh.ics.oop.AnimalTest" time="0.003"/>
  <testcase name="move()" classname="agh.ics.oop.AnimalTest" time="0.002"/>
  <system-out><![CDATA[]]></system-out>
  <system-err><![CDATA[]]></system-err>
</testsuite>
