<?xml version="1.0" encoding="UTF-8"?>
<testsuite name="agh.ics.oop.OptionsParserTest" tests="1" skipped="0" failures="0" errors="0" timestamp="2022-11-22T18:07:28" hostname="DESKTOP-G37MSAM" time="0.0">
  <properties/>
  <testcase name="parse()" classname="agh.ics.oop.OptionsParserTest" time="0.0"/>
  <system-out><![CDATA[]]></system-out>
  <system-err><![CDATA[]]></system-err>
</testsuite>
