<?xml version="1.0" encoding="UTF-8"?>
<testsuite name="agh.ics.oop.MapDirectionTest" tests="4" skipped="0" failures="0" errors="0" timestamp="2022-11-22T18:07:28" hostname="DESKTOP-G37MSAM" time="0.006">
  <properties/>
  <testcase name="previousTest()" classname="agh.ics.oop.MapDirectionTest" time="0.001"/>
  <testcase name="toUnitVectorTest()" classname="agh.ics.oop.MapDirectionTest" time="0.001"/>
  <testcase name="testToString()" classname="agh.ics.oop.MapDirectionTest" time="0.001"/>
  <testcase name="nextTest()" classname="agh.ics.oop.MapDirectionTest" time="0.001"/>
  <system-out><![CDATA[]]></system-out>
  <system-err><![CDATA[]]></system-err>
</testsuite>
