<?xml version="1.0" encoding="UTF-8"?>
<testsuite name="agh.ics.oop.AnimalTest" tests="6" skipped="0" failures="0" errors="0" timestamp="2022-11-29T17:35:56" hostname="DESKTOP-G37MSAM" time="0.03">
  <properties/>
  <testcase name="positionChanged()" classname="agh.ics.oop.AnimalTest" time="0.018"/>
  <testcase name="removeObserver()" classname="agh.ics.oop.AnimalTest" time="0.003"/>
  <testcase name="testToString()" classname="agh.ics.oop.AnimalTest" time="0.001"/>
  <testcase name="addObserver()" classname="agh.ics.oop.AnimalTest" time="0.001"/>
  <testcase name="isAt()" classname="agh.ics.oop.AnimalTest" time="0.002"/>
  <testcase name="move()" classname="agh.ics.oop.AnimalTest" time="0.001"/>
  <system-out><![CDATA[]]></system-out>
  <system-err><![CDATA[]]></system-err>
</testsuite>
