<?xml version="1.0" encoding="UTF-8"?>
<testsuite name="agh.ics.oop.MapDirectionTest" tests="4" skipped="0" failures="0" errors="0" timestamp="2022-11-29T17:35:56" hostname="DESKTOP-G37MSAM" time="0.004">
  <properties/>
  <testcase name="previousTest()" classname="agh.ics.oop.MapDirectionTest" time="0.001"/>
  <testcase name="toUnitVectorTest()" classname="agh.ics.oop.MapDirectionTest" time="0.001"/>
  <testcase name="testToString()" classname="agh.ics.oop.MapDirectionTest" time="0.001"/>
  <testcase name="nextTest()" classname="agh.ics.oop.MapDirectionTest" time="0.0"/>
  <system-out><![CDATA[]]></system-out>
  <system-err><![CDATA[]]></system-err>
</testsuite>
